<?xml version="1.0" encoding="UTF-8"?>
<!-- Generated by org.testng.reporters.JUnitReportReporter -->
<testsuite hostname="WKWZTgm3B9uSDnc" failures="0" tests="1" name="JavaBasic.LoginPage" time="3.898" errors="0" timestamp="2023-11-16T16:12:59 IST" skipped="0">
  <testcase classname="JavaBasic.LoginPage" name="login" time="3.898"/>
  <system-out/>
</testsuite> <!-- JavaBasic.LoginPage -->
